<?xml version="1.0" encoding="UTF-8"?>
<!-- Generated by org.testng.reporters.JUnitReportReporter -->
<testsuite skipped="0" hostname="joeyPC" name="com.idfyed.assignment.shoppinglist.model.RecipeTest" tests="1" failures="0" timestamp="2019-09-27T22:26:57 CST" time="0.015" errors="0">
  <testcase name="getNameTest" time="0.015" classname="com.idfyed.assignment.shoppinglist.model.RecipeTest"/>
</testsuite> <!-- com.idfyed.assignment.shoppinglist.model.RecipeTest -->
