<?xml version="1.0" encoding="UTF-8"?>
<!-- Generated by org.testng.reporters.JUnitReportReporter -->
<testsuite skipped="0" hostname="joeyPC" name="com.idfyed.assignment.shoppinglist.IntegrationTest" tests="1" failures="0" timestamp="2019-09-28T12:00:22 CST" time="0.038" errors="0">
  <testcase name="testAll" time="0.038" classname="com.idfyed.assignment.shoppinglist.IntegrationTest"/>
</testsuite> <!-- com.idfyed.assignment.shoppinglist.IntegrationTest -->
