<?xml version="1.0" encoding="UTF-8"?>
<!-- Generated by org.testng.reporters.JUnitReportReporter -->
<testsuite skipped="0" hostname="joeyPC" name="com.idfyed.assignment.shoppinglist.model.ShopTest" tests="2" failures="0" timestamp="2019-09-27T21:53:48 CST" time="0.015" errors="0">
  <testcase name="getDefaultIdTest" time="0.014" classname="com.idfyed.assignment.shoppinglist.model.ShopTest"/>
  <testcase name="getFieldsTest" time="0.001" classname="com.idfyed.assignment.shoppinglist.model.ShopTest"/>
</testsuite> <!-- com.idfyed.assignment.shoppinglist.model.ShopTest -->
