<?xml version="1.0" encoding="UTF-8"?>
<!-- Generated by org.testng.reporters.JUnitReportReporter -->
<testsuite skipped="0" hostname="joeyPC" name="com.idfyed.assignment.shoppinglist.model.IngredientTest" tests="1" failures="0" timestamp="2019-09-27T22:37:19 CST" time="0.036" errors="0">
  <testcase name="getFieldsTest" time="0.036" classname="com.idfyed.assignment.shoppinglist.model.IngredientTest"/>
</testsuite> <!-- com.idfyed.assignment.shoppinglist.model.IngredientTest -->
