<?xml version="1.0" encoding="UTF-8"?>
<!-- Generated by org.testng.reporters.JUnitReportReporter -->
<testsuite skipped="0" hostname="joeyPC" name="com.idfyed.assignment.shoppinglist.model.GroceryTest" tests="2" failures="0" timestamp="2019-09-27T20:31:51 CST" time="14.482" errors="0">
  <testcase name="getNameTest" time="0.020" classname="com.idfyed.assignment.shoppinglist.model.GroceryTest"/>
  <testcase name="getConverterTest" time="14.462" classname="com.idfyed.assignment.shoppinglist.model.GroceryTest"/>
</testsuite> <!-- com.idfyed.assignment.shoppinglist.model.GroceryTest -->
