<?xml version="1.0" encoding="UTF-8"?>
<!-- Generated by org.testng.reporters.JUnitReportReporter -->
<testsuite skipped="0" hostname="joeyPC" name="com.idfyed.assignment.shoppinglist.ShoppingListTest" tests="1" failures="0" timestamp="2019-09-27T21:34:32 CST" time="0.023" errors="0">
  <testcase name="addAmount" time="0.023" classname="com.idfyed.assignment.shoppinglist.ShoppingListTest"/>
</testsuite> <!-- com.idfyed.assignment.shoppinglist.ShoppingListTest -->
