<?xml version="1.0" encoding="UTF-8"?>
<!-- Generated by org.testng.reporters.JUnitReportReporter -->
<testsuite skipped="0" hostname="joeyPC" name="com.idfyed.assignment.shoppinglist.model.ShoppingEntryTest" tests="1" failures="0" timestamp="2019-09-27T22:58:35 CST" time="0.026" errors="0">
  <testcase name="getFieldsTest" time="0.026" classname="com.idfyed.assignment.shoppinglist.model.ShoppingEntryTest"/>
</testsuite> <!-- com.idfyed.assignment.shoppinglist.model.ShoppingEntryTest -->
