<?xml version="1.0" encoding="UTF-8"?>
<!-- Generated by org.testng.reporters.JUnitReportReporter -->
<testsuite skipped="0" hostname="joeyPC" name="com.idfyed.assignment.shoppinglist.GroceryStockTest" tests="1" failures="0" timestamp="2019-09-28T12:02:40 CST" time="0.018" errors="0">
  <testcase name="getConverterTest" time="0.018" classname="com.idfyed.assignment.shoppinglist.GroceryStockTest"/>
</testsuite> <!-- com.idfyed.assignment.shoppinglist.GroceryStockTest -->
